1523105015597	geckodriver	INFO	geckodriver 0.19.1
1523105015597	geckodriver	INFO	Listening on 127.0.0.1:54374
1523105018644	mozrunner::runner	INFO	Running command: "I:\\Program Files\\Mozilla Firefox\\firefox.exe" "-marionette" "-profile" "C:\\Users\\ADMINI~1\\AppData\\Local\\Temp\\rust_mozprofile.j90jnuPkW0g2"
Unable to read VR Path Registry from C:\Users\Administrator\AppData\Local\openvr\openvrpaths.vrpath
1523105019098	Marionette	INFO	Enabled via --marionette
Unable to read VR Path Registry from C:\Users\Administrator\AppData\Local\openvr\openvrpaths.vrpath
Unable to read VR Path Registry from C:\Users\Administrator\AppData\Local\openvr\openvrpaths.vrpath
Unable to read VR Path Registry from C:\Users\Administrator\AppData\Local\openvr\openvrpaths.vrpath
Unable to read VR Path Registry from C:\Users\Administrator\AppData\Local\openvr\openvrpaths.vrpath
1523105020214	Marionette	INFO	Listening on port 54386
1523105020708	Marionette	WARN	TLS certificate errors will be ignored for this session
[Child 5236, Chrome_ChildThread] WARNING: pipe error: 109: file z:/build/build/src/ipc/chromium/src/chrome/common/ipc_channel_win.cc, line 346
[Child 5236, Chrome_ChildThreadUnable to read VR Path Registry from C:\Users\Administrator\AppData\Local\openvr\openvrpaths.vrpath
JavaScript error: file:///E:/%E5%B7%A5%E4%BD%9C/%E8%AF%AD%E8%A8%80%E5%AD%A6%E4%B9%A0/%E7%88%AC%E8%99%AB/%E5%AD%A6%E4%B9%A0%E8%B5%84%E6%96%99/%E8%BD%BB%E6%9D%BE%E8%87%AA%E5%8A%A8%E5%8C%96---selenium-webdriver(python)%20(%E5%8D%81)/drop_down.html, line 1: ReferenceError: updateShipping is not defined
1523106006531	geckodriver	INFO	geckodriver 0.19.1
1523106006531	geckodriver	INFO	Listening on 127.0.0.1:55918
1523106009595	mozrunner::runner	INFO	Running command: "I:\\Program Files\\Mozilla Firefox\\firefox.exe" "-marionette" "-profile" "C:\\Users\\ADMINI~1\\AppData\\Local\\Temp\\rust_mozprofile.4fO151UFnFSD"
Unable to read VR Path Registry from C:\Users\Administrator\AppData\Local\openvr\openvrpaths.vrpath
1523106010118	Marionette	INFO	Enabled via --marionette
Unable to read VR Path Registry from C:\Users\Administrator\AppData\Local\openvr\openvrpaths.vrpath
Unable to read VR Path Registry from C:\Users\Administrator\AppData\Local\openvr\openvrpaths.vrpath
Unable to read VR Path Registry from C:\Users\Administrator\AppData\Local\openvr\openvrpaths.vrpath
Unable to read VR Path Registry from C:\Users\Administrator\AppData\Local\openvr\openvrpaths.vrpath
1523106011244	Marionette	INFO	Listening on port 55930
1523106011642	Marionette	WARN	TLS certificate errors will be ignored for this session
JavaScript error: https://ss1.bdstatic.com/5eN1bjq8AAUYm2zgoY3K/r/www/cache/static/protocol/https/plugins/every_cookie_4644b13.js, line 4: ReferenceError: c is not defined
[Child 669[Child 9684, Chrome_ChildThread] WARNING: pipe error: 109: file z:/build/build/src/ipc/chromium/src/chrome/common/ipc_channel_win.cc, line 346
[Child 9684, Chrome_ChildThread] WARNIN[Child 8396, Chrome_ChildThread] WARNING: pipe error: 109: file z:/build/build/src/ipc/chromium/src/chrome/common/ipc_channel_win.cc, line 346
[Child 8396, Chrome_ChildThre[GPU 8652, Chrome_ChildThread] WA
###!!! [Child][MessageChannel::SendAndWait] Error: Channel error: cannot send/recv

1523106305990	geckodriver	INFO	geckodriver 0.19.1
1523106306005	geckodriver	INFO	Listening on 127.0.0.1:56396
1523106309069	mozrunner::runner	INFO	Running command: "I:\\Program Files\\Mozilla Firefox\\firefox.exe" "-marionette" "-profile" "C:\\Users\\ADMINI~1\\AppData\\Local\\Temp\\rust_mozprofile.IDuwo3LGcO5y"
Unable to read VR Path Registry from C:\Users\Administrator\AppData\Local\openvr\openvrpaths.vrpath
1523106309722	Marionette	INFO	Enabled via --marionette
Unable to read VR Path Registry from C:\Users\Administrator\AppData\Local\openvr\openvrpaths.vrpath
Unable to read VR Path Registry from C:\Users\Administrator\AppData\Local\openvr\openvrpaths.vrpath
Unable to read VR Path Registry from C:\Users\Administrator\AppData\Local\openvr\openvrpaths.vrpath
Unable to read VR Path Registry from C:\Users\Administrator\AppData\Local\openvr\openvrpaths.vrpath
1523106310904	Marionette	INFO	Listening on port 56408
1523106311122	Marionette	WARN	TLS certificate errors will be ignored for this session
JavaScript error: https://ss1.bdstatic.com/5eN1bjq8AAUYm2zgoY3K/r/www/cache/static/protocol/https/plugins/every_cookie_4644b13.js, line 4: ReferenceError: c is not defined
[Child 5052, Chrome_ChildThread] WARNING: pipe error: 109: file z:/build/build/src/ipc/chromium/src/chrome/common/ipc_channel_win.cc, line 346
[Child 5052, Chrome_ChildThread] WARNING: pipe error: 109: [Child 6860, Chrome_ChildThread] WARNING: pipe error: 109: file z:/build/build/src/ipc/chromium/src/chrome/common/ipc_channel_win.cc, line 346
[Child 6860, Chrome_ChildThread] WARNING: pipe error: 109: file z:/build/build/src/ipc/chromium/src/chrome/common/ipc_channe[Parent 7312, Gecko_IOThread] WARNING: pipe error: 109: file z:/build/build/src/ipc/chromium/src/chrome/common/ipc_channel_win.cc, line 346
[GPU 10928, Chrome_ChildThread
###!!! [Child][MessageChannel::SendAndWait] Error: Channel error: cannot send/recv

r\AppData\Local\openvr\openvrpaths.vrpath
Unable to read VR Path Registry from C:\Users\Administrator\AppData\Local\openvr\openvrpaths.vrpath
1523107016428	Marionette	INFO	Listening on port 57566
1523107016490	Marionette	WARN	TLS certificate errors will be ignored for this session
JavaScript error: https://ss1.bdstatic.com/5eN1bjq8AAUYm2zgoY3K/r/www/cache/static/protocol/https/plugins/every_cookie_4644b13.js, line 4: ReferenceError: c is not defined
[Child 8792, Chrome_ChildThread] WARNING: pipe error: 109: file z:/build/build/src/ipc/chromium/src/chrome/common/ipc_channel_win.cc, line 346
[Child 8792, Chrome_ChildThread] WARNING: pipe[Child 10660, Chrome_ChildThread] WARNING: pipe error: 109: file z:/build/build/src/ipc/chromium/src/chrome/common/ipc_channel_win.cc, line 346
[Child 10660, Chrome_ChildThre[Child 8828, Chrome_ChildThread] WARNING: pipe error: 109: file z:/build/build/src/ipc/chromium/src/chrome/common/ipc_channel_win.cc, line 346
[Child 8828, Chrome_ChildTh[GPU 4756, Chrome_ChildThread]
###!!! [Child][MessageChannel::SendAndWait] Error: Channel error: cannot send/recv

1523107113159	geckodriver	INFO	geckodriver 0.19.1
1523107113159	geckodriver	INFO	Listening on 127.0.0.1:57758
1523107116221	mozrunner::runner	INFO	Running command: "I:\\Program Files\\Mozilla Firefox\\firefox.exe" "-marionette" "-profile" "C:\\Users\\ADMINI~1\\AppData\\Local\\Temp\\rust_mozprofile.yF3K0Bulu9Ox"
Unable to read VR Path Registry from C:\Users\Administrator\AppData\Local\openvr\openvrpaths.vrpath
1523107116880	Marionette	INFO	Enabled via --marionette
Unable to read VR Path Registry from C:\Users\Administrator\AppData\Local\openvr\openvrpaths.vrpath
Unable to read VR Path Registry from C:\Users\Administrator\AppData\Local\openvr\openvrpaths.vrpath
Unable to read VR Path Registry from C:\Users\Administrator\AppData\Local\openvr\openvrpaths.vrpath
Unable to read VR Path Registry from C:\Users\Administrator\AppData\Local\openvr\openvrpaths.vrpath
1523107118148	Marionette	INFO	Listening on port 57770
1523107118288	Marionette	WARN	TLS certificate errors will be ignored for this session
JavaScript error: https://ss1.bdstatic.com/5eN1bjq8AAUYm2zgoY3K/r/www/cache/static/protocol/https/plugins/every_cookie_4644b13.js, line 4: ReferenceError: c is not defined
[Child 9480, Chrome_ChildThread] WARNING: pipe error: 109: file z:/build/build/src/ipc/chromium/src/chrome/common/ipc_channel_win.cc, line 346
[Child 9480, Chrome_ChildT[Child 236, Chrome_ChildThread] WARNING: pipe error: 109: file z:/build/build/src/ipc/chromium/src/chrome/common/ipc_channel_win.cc, line 346
[Child 236, Chrome_ChildThread] WARNING: pipe error: 109: file z:/build/build/src/ipc/chromium/src/chrome/common/ipc_channel_win.cc, line 346
[Child 5056, Chrome_ChildThread] WARNING: pipe error: 109: file z:/build/build/src/ipc/chromium/src/chrome/common/ipc_channel_win.cc, line 346
[Child 5056, Chrome_ChildTh[GPU 504, Chrome_ChildThread] WARNING: pipe error: 109: file z:/build/build
###!!! [Child][MessageChannel::SendAndWait] Error: Channel error: cannot send/recv

1523107549362	geckodriver	INFO	geckodriver 0.19.1
1523107549369	geckodriver	INFO	Listening on 127.0.0.1:58445
1523107552445	mozrunner::runner	INFO	Running command: "I:\\Program Files\\Mozilla Firefox\\firefox.exe" "-marionette" "-profile" "C:\\Users\\ADMINI~1\\AppData\\Local\\Temp\\rust_mozprofile.Yb56vON6evBi"
Unable to read VR Path Registry from C:\Users\Administrator\AppData\Local\openvr\openvrpaths.vrpath
1523107553092	Marionette	INFO	Enabled via --marionette
Unable to read VR Path Registry from C:\Users\Administrator\AppData\Local\openvr\openvrpaths.vrpath
Unable to read VR Path Registry from C:\Users\Administrator\AppData\Local\openvr\openvrpaths.vrpath
Unable to read VR Path Registry from C:\Users\Administrator\AppData\Local\openvr\openvrpaths.vrpath
Unable to read VR Path Registry from C:\Users\Administrator\AppData\Local\openvr\openvrpaths.vrpath
1523107554302	Marionette	INFO	Listening on port 58458
1523107554466	Marionette	WARN	TLS certificate errors will be ignored for this session
JavaScript error: https://ss1.bdstatic.com/5eN1bjq8AAUYm2zgoY3K/r/www/cache/static/protocol/https/plugins/every_cookie_4644b13.js, line 4: ReferenceError: c is not defined
JavaScript error: https://cdn.sstatic.net/Js/stub.en.js?v=e4122e888c1f, line 1: ReferenceError: $ is not defined
JavaScript error: https://stackoverflow.com/questions/21802784/python-selenium-chromedriver-selenium-common-exceptions-webdriverexception-m, line 40: TypeError: StackExchange.ready is not a function
JavaScript error: https://cdn.sstatic.net/Js/stub.en.js?v=e4122e888c1f, line 1: ReferenceError: $ is not defined
JavaScript error: https://stackoverflow.com/questions/21802784/python-selenium-chromedriver-selenium-common-exceptions-webdriverexception-m, line 282: TypeError: StackExchange.ready is not a function
JavaScript error: https://stackoverflow.com/questions/21802784/python-selenium-chromedriver-selenium-common-exceptions-webdriverexception-m, line 338: TypeError: StackExchange.ready is not a function
JavaScript error: https://stackoverflow.com/questions/21802784/python-selenium-chromedriver-selenium-common-exceptions-webdriverexception-m, line 345: TypeError: StackExchange.ready is not a function
JavaScript error: https://stackoverflow.com/questions/21802784/python-selenium-chromedriver-selenium-common-exceptions-webdriverexception-m, line 817: TypeError: StackExchange.ifUsing is not a function
JavaScript error: https://stackoverflow.com/questions/21802784/python-selenium-chromedriver-selenium-common-exceptions-webdriverexception-m, line 828: TypeError: StackExchange.ready is not a function
JavaScript error: https://stackoverflow.com/questions/21802784/python-selenium-chromedriver-selenium-common-exceptions-webdriverexception-m, line 897: TypeError: StackExchange.ready is not a function
JavaScript error: https://stackoverflow.com/questions/21802784/python-selenium-chromedriver-selenium-common-exceptions-webdriverexception-m, line 938: TypeError: StackExchange.ready is not a function
JavaScript error: https://stackoverflow.com/questions/21802784/python-selenium-chromedriver-selenium-common-exceptions-webdriverexception-m, line 1211: TypeError: StackExchange.ready is not a function
JavaScript error: https://stackoverflow.com/questions/21802784/python-selenium-chromedriver-selenium-common-exceptions-webdriverexception-m, line 1436: TypeError: StackExchange.ready is not a function
[Child 3724, Chrome_ChildThread] WARNING: pipe error: 109: file z:/build/build/src/ipc/chromium/src/chrome/common/ipc_channel_win.cc, line 346
[Child 3724, Chrome_ChildThread] WARNING: pipe error: 109: file z:/build/build/src/ipc/chromium/src/chrome/common/ipc_chan[Child 756, Chrome_ChildThread] WARNING: pipe error: 109: file z:/build/build/src/ipc/chromium/src/chrome/common/ipc_channel_win.cc, line 346
[Child 756, Chrome_ChildThread] WARNING: pipe error: 109: file z:/build/build/src/ipc/chromium/src/chrome/common/ipc_channel_win.cc, line 346
[Parent 13188, Gecko_IOThread] WARNING: pipe error: 109: file z:/build/build/src/ipc/chromium/src/chrome/common/ipc_channel_win.cc, line 346
[Child 12488, Chrome_ChildThread] WARNING: pipe error: 109: file z:/build/build/src/ipc/chromium/src/chrome/common/ipc_channel_win.cc, line 346
[Child 12488, Chrome_ChildThread] WAR[GPU 8940, Chrome_ChildThread] WARNING: pipe error: 109: fil
###!!! [Child][MessageChannel::SendAndWait] Error: Channel error: cannot send/recv

xe" "-marionette" "-profile" "C:\\Users\\ADMINI~1\\AppData\\Local\\Temp\\rust_mozprofile.6tCSWRIRGVzd"
Unable to read VR Path Registry from C:\Users\Administrator\AppData\Local\openvr\openvrpaths.vrpath
1523108241842	Marionette	INFO	Enabled via --marionette
Unable to read VR Path Registry from C:\Users\Administrator\AppData\Local\openvr\openvrpaths.vrpath
Unable to read VR Path Registry from C:\Users\Administrator\AppData\Local\openvr\openvrpaths.vrpath
Unable to read VR Path Registry from C:\Users\Administrator\AppData\Local\openvr\openvrpaths.vrpath
Unable to read VR Path Registry from C:\Users\Administrator\AppData\Local\openvr\openvrpaths.vrpath
1523108243054	Marionette	INFO	Listening on port 59617
1523108243224	Marionette	WARN	TLS certificate errors will be ignored for this session
JavaScript error: https://ss1.bdstatic.com/5eN1bjq8AAUYm2zgoY3K/r/www/cache/static/protocol/https/plugins/every_cookie_4644b13.js, line 4: ReferenceError: c is not defined
[Child 2748, Chrome_ChildThread] WARNING: pipe error: 109: file z:/build/build/src/ipc/chromium/src/chrome/common/ipc_channel_win.cc, line 346
[Child 2884, [ChiCld h2748, Chrrome_ChildThread] WARNING: pipe error: 109: file z:/build/build/src/ipc/chromium/src/chrome/common/ipc_channel_win.cc, line 346
[Child 2884, Chrome_ChildThread] WARNING: pipe error: 109: file z:/build/build/src/ipc/chromium/src/chrome/common/ipc_channel_win.cc, line 34[Parent 11164, Gecko_IOThread] WARNING: pipe error: 109: file z:/build/build/src/ipc/chromium/src/chrome/common/ipc_channel_win.cc, line 346
[Child 9640, Chrome_ChildThread] WARNING: pipe error: 109: file z:/build/build/src/ipc/chromium/src/chrome/common/ipc_channel_win.cc, line 346
[Child 9640, Chrome_ChildThread] WARNING: pipe error: 109: file z:/[GPU 10280, Chrome_ChildThread] WARNING: pi
###!!! [Child][MessageChannel::SendAndWait] Error: Channel error: cannot send/recv

